<?xml version="1.0" encoding="UTF-8"?>
<!-- Generated by org.testng.reporters.JUnitReportReporter -->
<testsuite hostname="MC-S102299" failures="0" tests="17" name="POM_Tests.AppleSearchTest2_testNG" time="13.007" errors="0" timestamp="2020-06-27T09:18:51 BST" skipped="0">
  <testcase classname="POM_Tests.AppleSearchTest2_testNG" name="appleLoginTest" time="0.563"/>
  <system-out/>
  <testcase classname="POM_Tests.AppleSearchTest2_testNG" name="appleLoginTest" time="0.646"/>
  <system-out/>
  <testcase classname="POM_Tests.AppleSearchTest2_testNG" name="appleLoginTest" time="0.645"/>
  <system-out/>
  <testcase classname="POM_Tests.AppleSearchTest2_testNG" name="appleLoginTest" time="0.705"/>
  <system-out/>
  <testcase classname="POM_Tests.AppleSearchTest2_testNG" name="appleLoginTest" time="0.620"/>
  <system-out/>
  <testcase classname="POM_Tests.AppleSearchTest2_testNG" name="appleLoginTest" time="0.564"/>
  <system-out/>
  <testcase classname="POM_Tests.AppleSearchTest2_testNG" name="appleSearchTest" time="2.447"/>
  <system-out/>
  <testcase classname="POM_Tests.AppleSearchTest2_testNG" name="appleLoginTest" time="1.499"/>
  <system-out/>
  <testcase classname="POM_Tests.AppleSearchTest2_testNG" name="appleLoginTest" time="0.571"/>
  <system-out/>
  <testcase classname="POM_Tests.AppleSearchTest2_testNG" name="appleLoginTest" time="0.566"/>
  <system-out/>
  <testcase classname="POM_Tests.AppleSearchTest2_testNG" name="appleLoginTest" time="0.661"/>
  <system-out/>
  <testcase classname="POM_Tests.AppleSearchTest2_testNG" name="appleLoginTest" time="0.488"/>
  <system-out/>
  <testcase classname="POM_Tests.AppleSearchTest2_testNG" name="appleLoginTest" time="0.626"/>
  <system-out/>
  <testcase classname="POM_Tests.AppleSearchTest2_testNG" name="appleLoginTest" time="0.662"/>
  <system-out/>
  <testcase classname="POM_Tests.AppleSearchTest2_testNG" name="appleLoginTest" time="0.572"/>
  <system-out/>
  <testcase classname="POM_Tests.AppleSearchTest2_testNG" name="appleLoginTest" time="0.602"/>
  <system-out/>
  <testcase classname="POM_Tests.AppleSearchTest2_testNG" name="appleLoginTest" time="0.570"/>
  <system-out/>
</testsuite> <!-- POM_Tests.AppleSearchTest2_testNG -->
